TN:
SF:/Users/tooth/Documents/GitHub/FaceTed-Search/src/fs-detail.js
FN:2,(anonymous_0)
FN:14,(anonymous_1)
FN:26,(anonymous_2)
FN:41,(anonymous_3)
FN:52,(anonymous_4)
FN:65,(anonymous_5)
FN:70,(anonymous_6)
FNF:7
FNH:6
FNDA:2,(anonymous_0)
FNDA:0,(anonymous_1)
FNDA:2,(anonymous_2)
FNDA:2,(anonymous_3)
FNDA:2,(anonymous_4)
FNDA:2,(anonymous_5)
FNDA:2,(anonymous_6)
DA:4,2
DA:5,2
DA:6,2
DA:7,2
DA:8,2
DA:9,0
DA:10,0
DA:15,0
DA:17,0
DA:23,0
DA:27,2
DA:28,2
DA:30,0
DA:31,0
DA:42,2
DA:53,2
DA:54,2
DA:57,2
DA:60,2
DA:61,2
DA:62,2
DA:66,2
DA:67,2
DA:71,2
DA:72,0
DA:73,0
DA:77,1
LF:27
LH:18
BRDA:8,0,0,0
BRDA:8,0,1,2
BRDA:27,1,0,2
BRDA:27,1,1,0
BRDA:53,2,0,2
BRDA:53,2,1,0
BRDA:71,3,0,0
BRDA:71,3,1,2
BRF:8
BRH:4
end_of_record
